<?xml version="1.0" encoding="UTF-8"?>
<testng-results skipped="0" failed="1" ignored="0" total="1" passed="0">
  <reporter-output>
  </reporter-output>
  <suite name="Default suite" duration-ms="16266" started-at="2020-02-09T13:10:33 CST" finished-at="2020-02-09T13:10:49 CST">
    <groups>
    </groups>
    <test name="Default test" duration-ms="16266" started-at="2020-02-09T13:10:33 CST" finished-at="2020-02-09T13:10:49 CST">
      <class name="homework1.Homeworkadditional">
        <test-method status="FAIL" signature="homework()[pri:0, instance:homework1.Homeworkadditional@7fac631b]" name="homework" duration-ms="16214" started-at="2020-02-09T13:10:33 CST" finished-at="2020-02-09T13:10:49 CST">
          <exception class="org.openqa.selenium.SessionNotCreatedException">
            <message>
              <![CDATA[session not created
from chrome not reachable
  (Session info: chrome=79.0.3945.130)
Build info: version: '3.14.0', revision: 'aacccce0', time: '2018-08-02T20:19:58.91Z'
System info: host: 'ANWARKHAN', ip: '192.168.154.1', os.name: 'Windows 10', os.arch: 'amd64', os.version: '10.0', java.version: '1.8.0_221'
Driver info: driver.version: ChromeDriver
remote stacktrace: Backtrace:
Ordinal0 [0x0019A113+1548563]
Ordinal0 [0x0011DDA1+1039777]
Ordinal0 [0x0009E32E+516910]
Ordinal0 [0x00098012+491538]
Ordinal0 [0x000986EB+493291]
Ordinal0 [0x00099855+497749]
Ordinal0 [0x00095885+481413]
Ordinal0 [0x0009F0D0+520400]
Ordinal0 [0x0004C030+180272]
Ordinal0 [0x0004B59D+177565]
Ordinal0 [0x000495FB+169467]
Ordinal0 [0x0003160A+71178]
Ordinal0 [0x00032690+75408]
Ordinal0 [0x00032629+75305]
Ordinal0 [0x001371B7+1143223]
GetHandleVerifier [0x00232B46+507814]
GetHandleVerifier [0x00232864+507076]
GetHandleVerifier [0x00239F47+537511]
GetHandleVerifier [0x00233402+510050]
Ordinal0 [0x0012F29C+1110684]
Ordinal0 [0x0013938B+1151883]
Ordinal0 [0x001394F3+1152243]
Ordinal0 [0x001383F5+1147893]
BaseThreadInitThunk [0x75036359+25]
RtlGetAppContainerNamedObjectPath [0x77897B74+228]
RtlGetAppContainerNamedObjectPath [0x77897B44+180]
(No symbol) [0x00000000]
]]>
            </message>
            <full-stacktrace>
              <![CDATA[org.openqa.selenium.SessionNotCreatedException: session not created
from chrome not reachable
  (Session info: chrome=79.0.3945.130)
Build info: version: '3.14.0', revision: 'aacccce0', time: '2018-08-02T20:19:58.91Z'
System info: host: 'ANWARKHAN', ip: '192.168.154.1', os.name: 'Windows 10', os.arch: 'amd64', os.version: '10.0', java.version: '1.8.0_221'
Driver info: driver.version: ChromeDriver
remote stacktrace: Backtrace:
Ordinal0 [0x0019A113+1548563]
Ordinal0 [0x0011DDA1+1039777]
Ordinal0 [0x0009E32E+516910]
Ordinal0 [0x00098012+491538]
Ordinal0 [0x000986EB+493291]
Ordinal0 [0x00099855+497749]
Ordinal0 [0x00095885+481413]
Ordinal0 [0x0009F0D0+520400]
Ordinal0 [0x0004C030+180272]
Ordinal0 [0x0004B59D+177565]
Ordinal0 [0x000495FB+169467]
Ordinal0 [0x0003160A+71178]
Ordinal0 [0x00032690+75408]
Ordinal0 [0x00032629+75305]
Ordinal0 [0x001371B7+1143223]
GetHandleVerifier [0x00232B46+507814]
GetHandleVerifier [0x00232864+507076]
GetHandleVerifier [0x00239F47+537511]
GetHandleVerifier [0x00233402+510050]
Ordinal0 [0x0012F29C+1110684]
Ordinal0 [0x0013938B+1151883]
Ordinal0 [0x001394F3+1152243]
Ordinal0 [0x001383F5+1147893]
BaseThreadInitThunk [0x75036359+25]
RtlGetAppContainerNamedObjectPath [0x77897B74+228]
RtlGetAppContainerNamedObjectPath [0x77897B44+180]
(No symbol) [0x00000000]

at sun.reflect.NativeConstructorAccessorImpl.newInstance0(Native Method)
at sun.reflect.NativeConstructorAccessorImpl.newInstance(NativeConstructorAccessorImpl.java:62)
at sun.reflect.DelegatingConstructorAccessorImpl.newInstance(DelegatingConstructorAccessorImpl.java:45)
at java.lang.reflect.Constructor.newInstance(Constructor.java:423)
at org.openqa.selenium.remote.W3CHandshakeResponse.lambda$new$0(W3CHandshakeResponse.java:57)
at org.openqa.selenium.remote.W3CHandshakeResponse.lambda$getResponseFunction$2(W3CHandshakeResponse.java:104)
at org.openqa.selenium.remote.ProtocolHandshake.lambda$createSession$0(ProtocolHandshake.java:122)
at java.util.stream.ReferencePipeline$3$1.accept(ReferencePipeline.java:193)
at java.util.Spliterators$ArraySpliterator.tryAdvance(Spliterators.java:958)
at java.util.stream.ReferencePipeline.forEachWithCancel(ReferencePipeline.java:126)
at java.util.stream.AbstractPipeline.copyIntoWithCancel(AbstractPipeline.java:499)
at java.util.stream.AbstractPipeline.copyInto(AbstractPipeline.java:486)
at java.util.stream.AbstractPipeline.wrapAndCopyInto(AbstractPipeline.java:472)
at java.util.stream.FindOps$FindOp.evaluateSequential(FindOps.java:152)
at java.util.stream.AbstractPipeline.evaluate(AbstractPipeline.java:234)
at java.util.stream.ReferencePipeline.findFirst(ReferencePipeline.java:464)
at org.openqa.selenium.remote.ProtocolHandshake.createSession(ProtocolHandshake.java:125)
at org.openqa.selenium.remote.ProtocolHandshake.createSession(ProtocolHandshake.java:73)
at org.openqa.selenium.remote.HttpCommandExecutor.execute(HttpCommandExecutor.java:136)
at org.openqa.selenium.remote.service.DriverCommandExecutor.execute(DriverCommandExecutor.java:83)
at org.openqa.selenium.remote.RemoteWebDriver.execute(RemoteWebDriver.java:548)
at org.openqa.selenium.remote.RemoteWebDriver.startSession(RemoteWebDriver.java:212)
at org.openqa.selenium.remote.RemoteWebDriver.<init>(RemoteWebDriver.java:130)
at org.openqa.selenium.chrome.ChromeDriver.<init>(ChromeDriver.java:181)
at org.openqa.selenium.chrome.ChromeDriver.<init>(ChromeDriver.java:168)
at org.openqa.selenium.chrome.ChromeDriver.<init>(ChromeDriver.java:123)
at homework1.Homeworkadditional.homework(Homeworkadditional.java:23)
at sun.reflect.NativeMethodAccessorImpl.invoke0(Native Method)
at sun.reflect.NativeMethodAccessorImpl.invoke(NativeMethodAccessorImpl.java:62)
at sun.reflect.DelegatingMethodAccessorImpl.invoke(DelegatingMethodAccessorImpl.java:43)
at java.lang.reflect.Method.invoke(Method.java:498)
at org.testng.internal.MethodInvocationHelper.invokeMethod(MethodInvocationHelper.java:133)
at org.testng.internal.TestInvoker.invokeMethod(TestInvoker.java:584)
at org.testng.internal.TestInvoker.invokeTestMethod(TestInvoker.java:172)
at org.testng.internal.MethodRunner.runInSequence(MethodRunner.java:46)
at org.testng.internal.TestInvoker$MethodInvocationAgent.invoke(TestInvoker.java:804)
at org.testng.internal.TestInvoker.invokeTestMethods(TestInvoker.java:145)
at org.testng.internal.TestMethodWorker.invokeTestMethods(TestMethodWorker.java:146)
at org.testng.internal.TestMethodWorker.run(TestMethodWorker.java:128)
at java.util.ArrayList.forEach(ArrayList.java:1257)
at org.testng.TestRunner.privateRun(TestRunner.java:770)
at org.testng.TestRunner.run(TestRunner.java:591)
at org.testng.SuiteRunner.runTest(SuiteRunner.java:402)
at org.testng.SuiteRunner.runSequentially(SuiteRunner.java:396)
at org.testng.SuiteRunner.privateRun(SuiteRunner.java:355)
at org.testng.SuiteRunner.run(SuiteRunner.java:304)
at org.testng.SuiteRunnerWorker.runSuite(SuiteRunnerWorker.java:53)
at org.testng.SuiteRunnerWorker.run(SuiteRunnerWorker.java:96)
at org.testng.TestNG.runSuitesSequentially(TestNG.java:1180)
at org.testng.TestNG.runSuitesLocally(TestNG.java:1102)
at org.testng.TestNG.runSuites(TestNG.java:1032)
at org.testng.TestNG.run(TestNG.java:1000)
at org.testng.remote.AbstractRemoteTestNG.run(AbstractRemoteTestNG.java:115)
at org.testng.remote.RemoteTestNG.initAndRun(RemoteTestNG.java:251)
at org.testng.remote.RemoteTestNG.main(RemoteTestNG.java:77)
]]>
            </full-stacktrace>
          </exception> <!-- org.openqa.selenium.SessionNotCreatedException -->
          <reporter-output>
          </reporter-output>
        </test-method> <!-- homework -->
      </class> <!-- homework1.Homeworkadditional -->
    </test> <!-- Default test -->
  </suite> <!-- Default suite -->
</testng-results>
